Build started 1/25/2013 4:23:54 PM.
     1>Project "C:\Users\Hayk\project-thesis\EPOS\windows-library\Microsoft Visual C++\Example VC++ 2005\Demo_WinDLL.vcxproj" on node 2 (build target(s)).
     1>InitializeBuildStatus:
         Creating "Debug\Win32\Demo_WinDLL.unsuccessfulbuild" because "AlwaysCreate" was specified.
       ClCompile:
         C:\Program Files (x86)\Microsoft Visual Studio 10.0\VC\bin\CL.exe /c /ZI /nologo /W3 /WX- /Od /Oy- /D WIN32 /D _DEBUG /D _WINDOWS /D _VC80_UPGRADE=0x0600 /D _MBCS /Gm /EHsc /RTC1 /MTd /GS /fp:precise /Zc:wchar_t /Zc:forScope /Yc"stdafx.h" /Fp"Debug\Win32\Demo_WinDLL.pch" /Fo"Debug\Win32\\" /Fd"Debug\Win32\vc100.pdb" /Gd /TP /analyze- /errorReport:prompt StdAfx.cpp
         StdAfx.cpp
     1>c:\users\hayk\project-thesis\epos\windows-library\microsoft visual c++\example vc++ 2005\stdafx.h(15): fatal error C1083: Cannot open include file: 'afxtempl.h': No such file or directory
     1>Done Building Project "C:\Users\Hayk\project-thesis\EPOS\windows-library\Microsoft Visual C++\Example VC++ 2005\Demo_WinDLL.vcxproj" (build target(s)) -- FAILED.

Build FAILED.

Time Elapsed 00:00:01.12
